2022-05-18T22:11:37,298 TRACE [main]: AnimalConsole                        - printAllAnimals - method entered. 
2022-05-18T22:11:37,322 TRACE [main]: AnimalConsole                        - printAllAnimals - method finished 
2022-05-18T22:12:40,038 TRACE [main]: AnimalConsole                        - printAllAnimals - method entered. 
2022-05-18T22:12:40,054 TRACE [main]: AnimalConsole                        - printAllAnimals - method finished 
2022-05-18T22:37:51,207 TRACE [main]: AnimalConsole                        - printAllAnimals - method entered. 
2022-05-18T22:37:51,215 TRACE [main]: AnimalConsole                        - printAllAnimals - method finished 
2022-05-18T22:42:48,052 TRACE [main]: AnimalConsole                        - printAllAnimals - method entered. 
2022-05-18T22:42:48,144 TRACE [main]: AnimalConsole                        - printAllAnimals - method finished 
2022-05-18T22:54:36,816 TRACE [main]: AnimalConsole                        - printAllAnimals - method entered. 
2022-05-18T22:54:36,897 TRACE [main]: AnimalConsole                        - printAllAnimals - method finished 
2022-05-22T13:56:20,769 TRACE [main]: AnimalConsole                        - printAllAnimals - method entered. 
2022-05-22T13:56:21,348 TRACE [main]: AnimalConsole                        - printAllAnimals - method finished 
2022-05-22T13:57:58,338 TRACE [main]: AnimalConsole                        - addAnimal - method entered. 
2022-05-22T20:52:46,218 TRACE [main]: AnimalConsole                        - filterAnimals - method entered. 
2022-05-22T20:52:57,282 TRACE [main]: AnimalConsole                        - printAllAnimals - method entered. 
2022-05-22T20:52:57,903 TRACE [main]: AnimalConsole                        - printAllAnimals - method finished 
2022-05-23T11:58:49,608 TRACE [main]: CustomerConsole                      - addCustomer - method entered. 
2022-05-23T11:58:59,675 TRACE [main]: CustomerConsole                      - addCustomer - method finished 
2022-05-23T11:59:05,699 TRACE [main]: CustomerConsole                      - printAllCustomers- method entered. 
2022-05-23T11:59:06,305 TRACE [main]: CustomerConsole                      - printAllCustomers - method finished 
2022-05-23T11:59:28,843 TRACE [main]: CustomerConsole                      - addCustomer - method entered. 
2022-05-23T11:59:40,937 TRACE [main]: CustomerConsole                      - addCustomer - method finished 
2022-05-23T11:59:51,012 TRACE [main]: CustomerConsole                      - addCustomer - method entered. 
2022-05-23T12:00:00,230 TRACE [main]: CustomerConsole                      - addCustomer - method finished 
2022-05-23T12:00:24,259 TRACE [main]: CustomerConsole                      - addCustomer - method entered. 
2022-05-23T12:00:29,382 TRACE [main]: CustomerConsole                      - addCustomer - method finished 
2022-05-23T12:00:32,293 TRACE [main]: CustomerConsole                      - printAllCustomers- method entered. 
2022-05-23T12:00:32,298 TRACE [main]: CustomerConsole                      - printAllCustomers - method finished 
2022-05-23T12:00:37,318 TRACE [main]: CustomerConsole                      - updateCustomer - method entered. 
2022-05-23T12:00:47,396 TRACE [main]: CustomerConsole                      - updateCustomer - method finished 
2022-05-23T12:00:51,408 TRACE [main]: CustomerConsole                      - printAllCustomers- method entered. 
2022-05-23T12:00:51,416 TRACE [main]: CustomerConsole                      - printAllCustomers - method finished 
2022-05-23T12:00:57,438 TRACE [main]: CustomerConsole                      - updateCustomer - method entered. 
2022-05-23T12:01:10,525 TRACE [main]: CustomerConsole                      - updateCustomer - method finished 
2022-05-23T12:01:15,560 TRACE [main]: CustomerConsole                      - printAllCustomers- method entered. 
2022-05-23T12:01:15,571 TRACE [main]: CustomerConsole                      - printAllCustomers - method finished 
2022-05-23T12:13:43,870 TRACE [main]: CustomerConsole                      - updateCustomer - method entered. 
2022-05-23T12:15:06,767 TRACE [main]: CustomerConsole                      - updateCustomer - method entered. 
2022-05-23T12:15:14,280 TRACE [main]: CustomerConsole                      - updateCustomer - method finished 
2022-05-23T12:15:22,853 TRACE [main]: CustomerConsole                      - printAllCustomers- method entered. 
2022-05-23T12:15:23,094 TRACE [main]: CustomerConsole                      - printAllCustomers - method finished 
2022-05-23T12:15:29,894 TRACE [main]: CustomerConsole                      - filterCustomers - method entered. 
2022-05-23T12:15:31,903 TRACE [main]: CustomerConsole                      - filterCustomers - method finished. 
2022-05-23T12:16:00,121 TRACE [main]: CustomerConsole                      - removeCustomer - method entered. 
2022-05-23T12:16:02,188 TRACE [main]: CustomerConsole                      - removeCustomer - method finished 
2022-05-23T12:16:05,156 TRACE [main]: CustomerConsole                      - printAllCustomers- method entered. 
2022-05-23T12:16:05,164 TRACE [main]: CustomerConsole                      - printAllCustomers - method finished 
2022-05-23T12:55:11,379 TRACE [main]: AnimalConsole                        - printAllAnimals - method entered. 
2022-05-23T12:55:12,061 TRACE [main]: AnimalConsole                        - printAllAnimals - method finished 
2022-05-23T12:56:12,823 TRACE [main]: AnimalConsole                        - filterAnimals - method entered. 
2022-05-23T12:57:47,556 TRACE [main]: CustomerConsole                      - printAllCustomers- method entered. 
2022-05-23T12:57:47,647 TRACE [main]: CustomerConsole                      - printAllCustomers - method finished 
2022-05-23T12:58:48,006 TRACE [main]: AnimalConsole                        - addAnimal - method entered. 
2022-05-23T13:09:20,609 TRACE [main]: AnimalConsole                        - printAllAnimals - method entered. 
2022-05-23T13:09:21,269 TRACE [main]: AnimalConsole                        - printAllAnimals - method finished 
2022-05-23T13:09:37,736 TRACE [main]: AnimalConsole                        - filterAnimals - method entered. 
2022-05-23T13:11:10,751 TRACE [main]: AnimalConsole                        - filterAnimals - method entered. 
2022-05-23T13:14:07,479 TRACE [main]: AnimalConsole                        - filterAnimals - method entered. 
2022-05-23T13:16:38,207 TRACE [main]: AnimalConsole                        - filterAnimals - method entered. 
2022-05-23T13:23:45,667 TRACE [main]: AnimalConsole                        - filterAnimals - method entered. 
2022-05-23T13:23:50,241 TRACE [main]: AnimalConsole                        - filterAnimals - method finished. 
2022-05-23T13:24:02,768 TRACE [main]: AnimalConsole                        - reportHowManyAnimalsAdopted - method entered. 
2022-05-23T13:24:02,823 TRACE [main]: AnimalConsole                        - reportHowManyAnimalsAdopted - method finished. 
2022-05-23T13:25:41,317 TRACE [main]: AnimalConsole                        - printAllAnimals - method entered. 
2022-05-23T13:25:41,334 TRACE [main]: AnimalConsole                        - printAllAnimals - method finished 
2022-05-23T13:25:52,373 TRACE [main]: AnimalConsole                        - updateAnimal - method entered. 
2022-05-23T13:26:18,536 TRACE [main]: AnimalConsole                        - updateAnimal - method finished 
2022-05-23T13:26:25,556 TRACE [main]: AnimalConsole                        - printAllAnimals - method entered. 
2022-05-23T13:26:25,566 TRACE [main]: AnimalConsole                        - printAllAnimals - method finished 
2022-05-23T13:34:12,700 TRACE [main]: AnimalConsole                        - updateAnimal - method entered. 
2022-05-23T13:34:28,259 TRACE [main]: AnimalConsole                        - updateAnimal - method finished 
2022-05-23T13:34:41,846 TRACE [main]: AnimalConsole                        - printAllAnimals - method entered. 
2022-05-23T13:34:41,921 TRACE [main]: AnimalConsole                        - printAllAnimals - method finished 
2022-05-23T13:37:04,154 TRACE [main]: AnimalConsole                        - updateAnimal - method entered. 
2022-05-23T13:37:27,777 TRACE [main]: AnimalConsole                        - updateAnimal - method finished 
2022-05-23T13:37:32,320 TRACE [main]: AnimalConsole                        - printAllAnimals - method entered. 
2022-05-23T13:37:32,536 TRACE [main]: AnimalConsole                        - printAllAnimals - method finished 
2022-05-23T13:37:43,373 TRACE [main]: AnimalConsole                        - removeAnimal - method entered. 
2022-05-23T13:37:46,433 TRACE [main]: AnimalConsole                        - removeAnimal - method finished 
2022-05-23T13:37:52,416 TRACE [main]: AnimalConsole                        - printAllAnimals - method entered. 
2022-05-23T13:37:52,426 TRACE [main]: AnimalConsole                        - printAllAnimals - method finished 
2022-05-23T13:45:06,264 TRACE [main]: ProductConsole                       - printAllProducts - method entered. 
2022-05-23T13:45:06,778 TRACE [main]: ProductConsole                       - printAllProducts - method finished 
2022-05-23T13:45:25,357 TRACE [main]: ProductConsole                       - addProduct - method entered. 
2022-05-23T13:46:10,615 TRACE [main]: ProductConsole                       - printAllProducts - method entered. 
2022-05-23T13:46:10,633 TRACE [main]: ProductConsole                       - printAllProducts - method finished 
2022-05-23T13:50:15,945 TRACE [main]: ProductConsole                       - addProduct - method entered. 
2022-05-23T13:55:46,514 TRACE [main]: ProductConsole                       - addProduct - method entered. 
2022-05-23T14:03:49,382 TRACE [main]: ProductConsole                       - addProduct - method entered. 
2022-05-23T14:07:06,502 TRACE [main]: AnimalConsole                        - addAnimal - method entered. 
2022-05-23T14:07:27,614 TRACE [main]: AnimalConsole                        - printAllAnimals - method entered. 
2022-05-23T14:07:27,875 TRACE [main]: AnimalConsole                        - printAllAnimals - method finished 
2022-05-23T14:17:31,626 TRACE [main]: AnimalConsole                        - addAnimal - method entered. 
2022-05-23T14:18:06,423 TRACE [main]: AnimalConsole                        - addAnimal - method finished 
2022-05-23T14:18:11,844 TRACE [main]: AnimalConsole                        - printAllAnimals - method entered. 
2022-05-23T14:18:11,877 TRACE [main]: AnimalConsole                        - printAllAnimals - method finished 
2022-05-23T14:18:31,962 TRACE [main]: AnimalConsole                        - addAnimal - method entered. 
2022-05-23T14:18:44,182 TRACE [main]: AnimalConsole                        - addAnimal - method finished 
2022-05-23T14:18:48,056 TRACE [main]: AnimalConsole                        - printAllAnimals - method entered. 
2022-05-23T14:18:48,067 TRACE [main]: AnimalConsole                        - printAllAnimals - method finished 
2022-05-23T14:18:54,080 TRACE [main]: AnimalConsole                        - updateAnimal - method entered. 
2022-05-23T14:19:10,222 TRACE [main]: AnimalConsole                        - updateAnimal - method finished 
2022-05-23T14:19:16,194 TRACE [main]: AnimalConsole                        - printAllAnimals - method entered. 
2022-05-23T14:19:16,204 TRACE [main]: AnimalConsole                        - printAllAnimals - method finished 
2022-05-23T14:19:29,273 TRACE [main]: AnimalConsole                        - removeAnimal - method entered. 
2022-05-23T14:19:31,321 TRACE [main]: AnimalConsole                        - removeAnimal - method finished 
2022-05-23T14:19:33,296 TRACE [main]: AnimalConsole                        - printAllAnimals - method entered. 
2022-05-23T14:19:33,305 TRACE [main]: AnimalConsole                        - printAllAnimals - method finished 
2022-05-23T14:19:42,340 TRACE [main]: AnimalConsole                        - reportHowManyAnimalsAdopted - method entered. 
2022-05-23T14:19:42,353 TRACE [main]: AnimalConsole                        - reportHowManyAnimalsAdopted - method finished. 
2022-05-23T14:19:49,378 TRACE [main]: AnimalConsole                        - filterAnimals - method entered. 
2022-05-23T14:19:52,457 TRACE [main]: AnimalConsole                        - filterAnimals - method finished. 
2022-05-23T14:23:54,801 TRACE [main]: PreferenceConsole                    - printAllPreferences - method entered. 
2022-05-23T14:23:55,327 TRACE [main]: PreferenceConsole                    - printAllPreferences - method finished 
2022-05-23T14:24:00,830 TRACE [main]: PreferenceConsole                    - addPreference - method entered. 
2022-05-23T14:24:10,098 TRACE [main]: PreferenceConsole                    - addPreference - method finished 
2022-05-23T14:24:15,919 TRACE [main]: PreferenceConsole                    - printAllPreferences - method entered. 
2022-05-23T14:24:15,929 TRACE [main]: PreferenceConsole                    - printAllPreferences - method finished 
2022-05-23T14:24:29,994 TRACE [main]: PreferenceConsole                    - updatePreference - method entered. 
2022-05-23T14:24:43,107 TRACE [main]: PreferenceConsole                    - updatePreference - method finished 
2022-05-23T14:24:46,091 TRACE [main]: PreferenceConsole                    - printAllPreferences - method entered. 
2022-05-23T14:24:46,104 TRACE [main]: PreferenceConsole                    - printAllPreferences - method finished 
2022-05-23T14:24:58,156 TRACE [main]: PreferenceConsole                    - removePreference - method entered. 
2022-05-23T14:25:01,216 TRACE [main]: PreferenceConsole                    - removePreference - method finished 
2022-05-23T14:25:05,216 TRACE [main]: PreferenceConsole                    - printAllPreferences - method entered. 
2022-05-23T14:25:05,227 TRACE [main]: PreferenceConsole                    - printAllPreferences - method finished 
2022-05-23T14:25:11,254 TRACE [main]: PreferenceConsole                    - filterPreferences - method entered. 
2022-05-23T14:25:23,338 TRACE [main]: PreferenceConsole                    - filterPreferences - method finished. 
2022-05-23T14:25:29,357 TRACE [main]: PreferenceConsole                    - getPercentageByProduct - method entered. 
2022-05-23T14:29:58,570 TRACE [main]: PreferenceConsole                    - printAllPreferences - method entered. 
2022-05-23T14:29:59,108 TRACE [main]: PreferenceConsole                    - printAllPreferences - method finished 
2022-05-23T14:30:16,656 TRACE [main]: PreferenceConsole                    - getPercentageByProduct - method entered. 
2022-05-23T14:30:53,642 TRACE [main]: PreferenceConsole                    - getPercentageByProduct - method entered. 
2022-05-23T14:30:55,741 TRACE [main]: PreferenceConsole                    - getPercentageByProduct - method finished. 
2022-05-23T15:58:19,124 TRACE [main]: CustomerConsole                      - filterCustomers - method entered. 
2022-05-23T15:58:22,693 TRACE [main]: CustomerConsole                      - filterCustomers - method finished. 
2022-05-23T15:58:36,206 TRACE [main]: PreferenceConsole                    - filterPreferences - method entered. 
2022-05-23T15:58:38,241 TRACE [main]: PreferenceConsole                    - filterPreferences - method finished. 
2022-05-23T15:58:52,284 TRACE [main]: ProductConsole                       - filterProducts- method entered. 
2022-05-23T15:58:54,324 TRACE [main]: ProductConsole                       - filterProducts - method finished. 
2022-05-23T16:01:59,776 TRACE [main]: CustomerConsole                      - printAllCustomers- method entered. 
2022-05-23T16:01:59,897 TRACE [main]: CustomerConsole                      - printAllCustomers - method finished 
2022-05-23T17:08:17,852 TRACE [main]: AnimalConsole                        - printAllAnimals - method entered. 
2022-05-23T17:08:18,468 TRACE [main]: AnimalConsole                        - printAllAnimals - method finished 
2022-05-23T17:08:34,980 TRACE [main]: AnimalConsole                        - reportHowManyAnimalsAdopted - method entered. 
2022-05-23T17:08:34,996 TRACE [main]: AnimalConsole                        - reportHowManyAnimalsAdopted - method finished. 
2022-05-23T17:11:12,584 TRACE [main]: AnimalConsole                        - printAllAnimals - method entered. 
2022-05-23T17:11:12,673 TRACE [main]: AnimalConsole                        - printAllAnimals - method finished 
2022-05-23T17:21:01,660 TRACE [main]: AnimalConsole                        - printAllAnimals - method entered. 
2022-05-23T17:21:02,261 TRACE [main]: AnimalConsole                        - printAllAnimals - method finished 
2022-05-23T17:21:09,679 TRACE [main]: AnimalConsole                        - updateAnimal - method entered. 
2022-05-23T17:21:46,858 TRACE [main]: AnimalConsole                        - printAllAnimals - method entered. 
2022-05-23T17:21:46,858 TRACE [main]: AnimalConsole                        - printAllAnimals - method finished 
2022-05-23T17:23:37,539 TRACE [main]: AnimalConsole                        - updateAnimal - method entered. 
2022-05-23T17:23:55,637 TRACE [main]: AnimalConsole                        - updateAnimal - method entered. 
2022-05-23T17:33:38,666 TRACE [main]: AnimalConsole                        - filterAnimals - method entered. 
2022-05-23T17:33:41,237 TRACE [main]: AnimalConsole                        - filterAnimals - method finished. 
2022-05-23T17:33:53,724 TRACE [main]: AnimalConsole                        - printAllAnimals - method entered. 
2022-05-23T17:33:53,783 TRACE [main]: AnimalConsole                        - printAllAnimals - method finished 
2022-05-23T17:34:14,869 TRACE [main]: AnimalConsole                        - updateAnimal - method entered. 
2022-05-23T17:34:59,122 TRACE [main]: AnimalConsole                        - updateAnimal - method entered. 
2022-05-23T17:47:11,010 TRACE [main]: AnimalConsole                        - updateAnimal - method entered. 
2022-05-23T17:47:47,126 TRACE [main]: AnimalConsole                        - updateAnimal - method entered. 
2022-05-23T17:57:45,214 TRACE [main]: AnimalConsole                        - updateAnimal - method entered. 
2022-05-23T17:58:44,599 TRACE [main]: AnimalConsole                        - updateAnimal - method entered. 
2022-05-23T18:00:19,770 TRACE [main]: AnimalConsole                        - updateAnimal - method entered. 
2022-05-23T18:04:19,748 TRACE [main]: AnimalConsole                        - updateAnimal - method entered. 
2022-05-23T18:11:20,501 TRACE [main]: AnimalConsole                        - updateAnimal - method entered. 
2022-05-23T18:11:32,044 TRACE [main]: AnimalConsole                        - updateAnimal - method finished 
2022-05-23T18:11:44,648 TRACE [main]: AnimalConsole                        - filterAnimals - method entered. 
2022-05-23T18:11:46,739 TRACE [main]: AnimalConsole                        - filterAnimals - method finished. 
